Initializing RAG Pipeline...
node : Error initializing 
RAG: TypeError: pdfParse is 
not a function
At line:1 char:1
+ node server.js > out.log 
2>&1
+ 
~~~~~~~~~~~~~~~~~~~~~~~~~~~~~
    + CategoryInfo           
   : NotSpecified: (Error i  
  nitializ... not a functi   
 on:String) [], RemoteExc    
eption
    + FullyQualifiedErrorId  
   : NativeCommandError
 
    at initRag 
(C:\Users\vaibhav ghoshi\OneD
rive\Desktop\portfolio\backen
d\rag.js:30:35)
    at Object.<anonymous> 
(C:\Users\vaibhav ghoshi\OneD
rive\Desktop\portfolio\backen
d\server.js:16:1)
    at Module._compile (node:
internal/modules/cjs/loader:1
706:14)
    at Object..js (node:inter
nal/modules/cjs/loader:1839:1
0)
    at Module.load (node:inte
rnal/modules/cjs/loader:1441:
32)
    at Function._load (node:i
nternal/modules/cjs/loader:12
63:12)
    at 
TracingChannel.traceSync (nod
e:diagnostics_channel:322:14)
    at wrapModuleLoad (node:i
nternal/modules/cjs/loader:23
7:24)
    at Function.executeUserEn
tryPoint [as runMain] (node:i
nternal/modules/run_main:171:
5)
    at node:internal/main/run
_main_module:36:49
Server started on port 5001
MongoDB connected...
